Added Component: Designator=R4(J1-0603)
Added Component: Designator=R5(J1-0603)
Added Component: Designator=R6(J1-0603)
Added Component: Designator=R7(J1-0603)
Added Component: Designator=R8(J1-0603)
Added Pin To Net: NetName=VCC Pin=CAN Tranciever-5
Added Pin To Net: NetName=NetJTAG_20_9 Pin=R4-1
Added Pin To Net: NetName=VCC Pin=R4-2
Added Pin To Net: NetName=NetJTAG_20_7 Pin=R5-1
Added Pin To Net: NetName=VCC Pin=R5-2
Added Pin To Net: NetName=NetJTAG_20_13 Pin=R6-1
Added Pin To Net: NetName=VCC Pin=R6-2
Added Pin To Net: NetName=NetJTAG_20_5 Pin=R7-1
Added Pin To Net: NetName=VCC Pin=R7-2
Added Pin To Net: NetName=NetJTAG_20_3 Pin=R8-1
Added Pin To Net: NetName=VCC Pin=R8-2
Added Member To Class: ClassName=Sheet1 Member=Component R4 RTCK PD
Added Member To Class: ClassName=Sheet1 Member=Component R5 RTCK PD
Added Member To Class: ClassName=Sheet1 Member=Component R6 RTCK PD
Added Member To Class: ClassName=Sheet1 Member=Component R7 RTCK PD
Added Member To Class: ClassName=Sheet1 Member=Component R8 RTCK PD
Added Room: Name=Actuators
Added Room: Name=Sheet1
